npm warn ERESOLVE overriding peer dependency
npm warn While resolving: @auth/core@0.40.0
npm warn Found: nodemailer@7.0.6
npm warn node_modules/nodemailer
npm warn   nodemailer@"^7.0.6" from the root project
npm warn
npm warn Could not resolve dependency:
npm warn peerOptional nodemailer@"^6.8.0" from @auth/core@0.40.0
npm warn node_modules/@auth/core
npm warn   @auth/core@"0.40.0" from @auth/prisma-adapter@2.10.0
npm warn   node_modules/@auth/prisma-adapter
npm warn
npm warn Conflicting peer dependency: nodemailer@6.10.1
npm warn node_modules/nodemailer
npm warn   peerOptional nodemailer@"^6.8.0" from @auth/core@0.40.0
npm warn   node_modules/@auth/core
npm warn     @auth/core@"0.40.0" from @auth/prisma-adapter@2.10.0
npm warn     node_modules/@auth/prisma-adapter
npm error code ERESOLVE
npm error ERESOLVE could not resolve
npm error
npm error While resolving: next-auth@4.24.11
npm error Found: @auth/core@0.40.0
npm error node_modules/@auth/core
npm error   @auth/core@"0.40.0" from @auth/prisma-adapter@2.10.0
npm error   node_modules/@auth/prisma-adapter
npm error     @auth/prisma-adapter@"^2.10.0" from the root project
npm error
npm error Could not resolve dependency:
npm error peerOptional @auth/core@"0.34.2" from next-auth@4.24.11
npm error node_modules/next-auth
npm error   peer next-auth@"^4" from @next-auth/prisma-adapter@1.0.7
npm error   node_modules/@next-auth/prisma-adapter
npm error     @next-auth/prisma-adapter@"^1.0.7" from the root project
npm error   next-auth@"^4.24.11" from the root project
npm error
npm error Conflicting peer dependency: nodemailer@6.10.1
npm error node_modules/nodemailer
npm error   peerOptional nodemailer@"^6.8.0" from @auth/core@0.34.2
npm error   node_modules/@auth/core
npm error     peerOptional @auth/core@"0.34.2" from next-auth@4.24.11
npm error     node_modules/next-auth
npm error       peer next-auth@"^4" from @next-auth/prisma-adapter@1.0.7
npm error       node_modules/@next-auth/prisma-adapter
npm error         @next-auth/prisma-adapter@"^1.0.7" from the root project
npm error       1 more (the root project)
npm error
npm error Fix the upstream dependency conflict, or retry
npm error this command with --force or --legacy-peer-deps
npm error to accept an incorrect (and potentially broken) dependency resolution.
npm error
npm error
npm error For a full report see:
npm error C:\Users\ASUS\AppData\Local\npm-cache\_logs\2025-10-10T21_52_11_848Z-eresolve-report.txt
npm error A complete log of this run can be found in: C:\Users\ASUS\AppData\Local\npm-cache\_logs\2025-10-10T21_52_11_848Z-debug-0.log
